Build release v0.2.1 at lun sep  2 06:34:04 UTC 2019
Build release v0.3.0 at vie sep  6 06:38:42 UTC 2019
Build release v0.3.1 at dom sep  8 17:44:30 UTC 2019
Build release v0.3.2 at jue sep 12 12:30:27 UTC 2019
Build release v0.4.0 at jue sep 12 16:12:10 UTC 2019
Build release v0.4.1 at vie sep 13 04:32:40 UTC 2019
Build release v0.5.0 at vie sep 13 04:39:56 UTC 2019
Build release v0.5.1 at mié sep 18 08:17:34 UTC 2019
Build release v0.6.0 at jue sep 26 16:16:13 UTC 2019
Build release v0.7.0 at jue sep 26 16:22:50 UTC 2019
Build release v0.7.1 at vie sep 27 14:34:23 UTC 2019
Build release v0.8.0 at mar ene 28 17:01:51 UTC 2020
Build release v0.9.0 at sáb feb  1 11:18:01 UTC 2020
Build release v0.10.0 at dom mar  1 12:46:12 UTC 2020
Build release v0.11.0 at vie mar  6 07:30:42 UTC 2020
Build release v0.12.0 at dom mar  8 21:54:08 UTC 2020
Build release v0.13.0 at vie mar 27 21:59:51 UTC 2020
Build release v0.13.1 at Sun Apr  5 13:24:56 UTC 2020
Build release v1.0.0 at dom abr 12 18:32:55 UTC 2020
Build release v2.0.0 at vie abr 24 14:33:59 UTC 2020
Build release v2.1.0 at dom abr 26 09:49:20 UTC 2020
Build release v2.2.0 at dom jun  7 18:43:09 UTC 2020
Build release v2.3.0 at sáb jun 20 17:06:34 UTC 2020
Build release v2.4.0 at Mon Jul 20 08:18:42 UTC 2020
Build release v2.5.0 at Mon Aug 17 16:53:38 UTC 2020
Build release v2.6.0 at Sat Sep 12 10:37:21 UTC 2020
Build release v2.7.0 at sáb oct 31 10:57:43 UTC 2020
Build release v2.8.0 at sáb nov 14 11:22:51 UTC 2020
Build release v2.9.0 at vie dic  4 22:45:16 UTC 2020
Build release v2.10.0 at lun feb 15 14:33:41 UTC 2021
Build release v2.11.0 at vie mar 26 16:48:31 UTC 2021
Build release v2.12.0 at dom abr 11 17:44:03 UTC 2021
Build release v2.13.0 at dom may  9 15:35:30 UTC 2021
Build release v2.14.0 at lun nov 15 21:34:13 UTC 2021
Build release v2.15.0 at lun dic 13 10:07:26 UTC 2021
Build release v2.16.0 at vie 11 feb 2022 07:24:42 UTC
Build release v2.17.0 at mar 22 mar 2022 06:34:41 UTC
Build release v2.18.0 at lun 04 abr 2022 17:43:42 UTC
Build release v2.19.0 at dom 08 may 2022 09:32:38 UTC
Build release v2.20.0 at lun 04 jul 2022 09:13:55 UTC
Build release v2.21.0 at sáb 23 jul 2022 18:38:42 UTC
Build release v2.22.0 at jue 11 ago 2022 18:11:11 UTC
Build release v2.23.0 at dom 11 sep 2022 15:21:04 UTC
Build release v2.24.0 at dom 04 dic 2022 19:10:50 UTC
Build release v2.25.0 at lun 16 ene 2023 11:28:55 UTC
Build release v2.26.0 at sáb 18 mar 2023 17:13:08 UTC
Build release v2.27.0 at lun 08 may 2023 20:48:56 UTC
Build release v2.28.0 at dom 11 jun 2023 10:48:50 UTC
Build release v2.29.0 at mié 02 ago 2023 16:41:05 UTC
Build release v2.30.0 at dom 24 sep 2023 07:08:26 UTC
Build release v2.31.0 at sáb 02 dic 2023 09:30:36 UTC
Build release v2.32.0 at vie 01 mar 2024 15:54:16 UTC
Build release v3.0.0 at mar 31 dic 2024 09:21:11 UTC
Build release v3.0.1 at mar 31 dic 2024 11:41:11 UTC
